2021-09-13 20:48:33,121 - root - INFO - ** Kedro project kedro_neptune_quickstart
2021-09-13 20:48:35,408 - matplotlib.font_manager - INFO - Failed to extract font properties from /usr/share/fonts/truetype/noto/NotoColorEmoji.ttf: In FT2Font: Can not load face.  Unknown file format.
2021-09-13 20:48:36,615 - matplotlib.font_manager - INFO - generated new fontManager
2021-09-13 20:48:50,279 - neptune.internal.hardware.gpu.gpu_monitor - WARNING - Info (NVML): NVML Shared Library Not Found. GPU usage metrics may not be reported. For more information, see https://docs-legacy.neptune.ai/logging-and-managing-experiment-results/logging-experiment-data.html#hardware-consumption
2021-09-13 20:48:50,304 - kedro.io.data_catalog - INFO - Loading data from `example_iris_data` (CSVDataSet)...
2021-09-13 20:48:50,663 - kedro.io.data_catalog - INFO - Loading data from `params:example_test_data_ratio` (MemoryDataSet)...
2021-09-13 20:48:50,664 - kedro.io.data_catalog - INFO - Loading data from `neptune_run` (NeptuneRunDataSet)...
2021-09-13 20:48:59,045 - kedro.pipeline.node - INFO - Running node: split: split_data([example_iris_data,params:example_test_data_ratio]) -> [example_test_x,example_test_y,example_train_x,example_train_y]
2021-09-13 20:49:00,365 - kedro.io.data_catalog - INFO - Loading data from `neptune_run` (NeptuneRunDataSet)...
2021-09-13 20:49:06,659 - kedro.io.data_catalog - INFO - Saving data to `example_train_x` (MemoryDataSet)...
2021-09-13 20:49:06,661 - kedro.io.data_catalog - INFO - Saving data to `example_train_y` (MemoryDataSet)...
2021-09-13 20:49:06,662 - kedro.io.data_catalog - INFO - Saving data to `example_test_x` (MemoryDataSet)...
2021-09-13 20:49:06,662 - kedro.io.data_catalog - INFO - Saving data to `example_test_y` (MemoryDataSet)...
2021-09-13 20:49:06,664 - kedro.runner.sequential_runner - INFO - Completed 1 out of 4 tasks
2021-09-13 20:49:06,664 - kedro.io.data_catalog - INFO - Loading data from `example_train_x` (MemoryDataSet)...
2021-09-13 20:49:06,665 - kedro.io.data_catalog - INFO - Loading data from `example_train_y` (MemoryDataSet)...
2021-09-13 20:49:06,665 - kedro.io.data_catalog - INFO - Loading data from `parameters` (MemoryDataSet)...
2021-09-13 20:49:06,666 - kedro.io.data_catalog - INFO - Loading data from `neptune_run` (NeptuneRunDataSet)...
2021-09-13 20:49:18,499 - kedro.pipeline.node - INFO - Running node: train: train_model([example_train_x,example_train_y,parameters]) -> [example_model]
2021-09-13 20:49:18,577 - kedro.io.data_catalog - INFO - Loading data from `neptune_run` (NeptuneRunDataSet)...
2021-09-13 20:54:16,854 - root - INFO - ** Kedro project kedro_neptune_quickstart
2021-09-13 20:54:19,934 - neptune.internal.hardware.gpu.gpu_monitor - WARNING - Info (NVML): NVML Shared Library Not Found. GPU usage metrics may not be reported. For more information, see https://docs-legacy.neptune.ai/logging-and-managing-experiment-results/logging-experiment-data.html#hardware-consumption
2021-09-13 20:54:19,958 - kedro.io.data_catalog - INFO - Loading data from `example_iris_data` (CSVDataSet)...
2021-09-13 20:54:19,962 - kedro.io.data_catalog - INFO - Loading data from `params:example_test_data_ratio` (MemoryDataSet)...
2021-09-13 20:54:19,962 - kedro.io.data_catalog - INFO - Loading data from `neptune_run` (NeptuneRunDataSet)...
2021-09-13 20:54:21,837 - kedro.pipeline.node - INFO - Running node: split: split_data([example_iris_data,params:example_test_data_ratio]) -> [example_test_x,example_test_y,example_train_x,example_train_y]
2021-09-13 20:54:21,851 - kedro.io.data_catalog - INFO - Loading data from `neptune_run` (NeptuneRunDataSet)...
2021-09-13 20:54:24,624 - kedro.io.data_catalog - INFO - Saving data to `example_train_x` (MemoryDataSet)...
2021-09-13 20:54:24,627 - kedro.io.data_catalog - INFO - Saving data to `example_train_y` (MemoryDataSet)...
2021-09-13 20:54:24,628 - kedro.io.data_catalog - INFO - Saving data to `example_test_x` (MemoryDataSet)...
2021-09-13 20:54:24,628 - kedro.io.data_catalog - INFO - Saving data to `example_test_y` (MemoryDataSet)...
2021-09-13 20:54:24,632 - kedro.runner.sequential_runner - INFO - Completed 1 out of 4 tasks
2021-09-13 20:54:24,632 - kedro.io.data_catalog - INFO - Loading data from `example_train_x` (MemoryDataSet)...
2021-09-13 20:54:24,633 - kedro.io.data_catalog - INFO - Loading data from `example_train_y` (MemoryDataSet)...
2021-09-13 20:54:24,634 - kedro.io.data_catalog - INFO - Loading data from `parameters` (MemoryDataSet)...
2021-09-13 20:54:24,635 - kedro.io.data_catalog - INFO - Loading data from `neptune_run` (NeptuneRunDataSet)...
2021-09-13 20:54:26,950 - kedro.pipeline.node - INFO - Running node: train: train_model([example_train_x,example_train_y,parameters]) -> [example_model]
2021-09-13 20:54:27,001 - kedro.io.data_catalog - INFO - Loading data from `neptune_run` (NeptuneRunDataSet)...
2021-09-13 20:54:29,902 - kedro.io.data_catalog - INFO - Saving data to `example_model` (MemoryDataSet)...
2021-09-13 20:54:29,907 - kedro.runner.sequential_runner - INFO - Completed 2 out of 4 tasks
2021-09-13 20:54:29,908 - kedro.io.data_catalog - INFO - Loading data from `example_model` (MemoryDataSet)...
2021-09-13 20:54:29,909 - kedro.io.data_catalog - INFO - Loading data from `example_test_x` (MemoryDataSet)...
2021-09-13 20:54:29,910 - kedro.io.data_catalog - INFO - Loading data from `neptune_run` (NeptuneRunDataSet)...
2021-09-13 20:54:32,251 - kedro.pipeline.node - INFO - Running node: predict: predict([example_model,example_test_x]) -> [example_predictions]
2021-09-13 20:54:32,268 - kedro.io.data_catalog - INFO - Loading data from `neptune_run` (NeptuneRunDataSet)...
2021-09-13 20:54:35,034 - kedro.io.data_catalog - INFO - Saving data to `example_predictions` (MemoryDataSet)...
2021-09-13 20:54:35,038 - kedro.runner.sequential_runner - INFO - Completed 3 out of 4 tasks
2021-09-13 20:54:35,039 - kedro.io.data_catalog - INFO - Loading data from `example_predictions` (MemoryDataSet)...
2021-09-13 20:54:35,039 - kedro.io.data_catalog - INFO - Loading data from `example_test_y` (MemoryDataSet)...
2021-09-13 20:54:35,041 - kedro.io.data_catalog - INFO - Loading data from `neptune_run` (NeptuneRunDataSet)...
2021-09-13 20:54:37,321 - kedro.io.data_catalog - INFO - Loading data from `neptune_run` (NeptuneRunDataSet)...
2021-09-13 20:54:39,248 - kedro.pipeline.node - INFO - Running node: report: report_accuracy([example_predictions,example_test_y,neptune_run]) -> None
2021-09-13 20:54:39,249 - kedro_neptune_quickstart.pipelines.data_science.nodes - INFO - Model accuracy on test set: 83.33%
2021-09-13 20:54:40,840 - kedro.io.data_catalog - INFO - Loading data from `neptune_run` (NeptuneRunDataSet)...
2021-09-13 20:54:43,403 - kedro.runner.sequential_runner - INFO - Completed 4 out of 4 tasks
2021-09-13 20:54:43,404 - kedro.runner.sequential_runner - INFO - Pipeline execution completed successfully.
2021-09-13 20:54:43,405 - kedro.io.data_catalog - INFO - Loading data from `neptune_run` (NeptuneRunDataSet)...
2021-09-13 20:54:46,437 - kedro.framework.session.store - INFO - `save()` not implemented for `BaseSessionStore`. Skipping the step.
2021-09-13 20:54:51,587 - root - INFO - ** Kedro project kedro_neptune_quickstart
2021-09-13 20:54:54,667 - neptune.internal.hardware.gpu.gpu_monitor - WARNING - Info (NVML): NVML Shared Library Not Found. GPU usage metrics may not be reported. For more information, see https://docs-legacy.neptune.ai/logging-and-managing-experiment-results/logging-experiment-data.html#hardware-consumption
2021-09-13 20:54:54,706 - kedro.io.data_catalog - INFO - Loading data from `example_iris_data` (CSVDataSet)...
2021-09-13 20:54:54,711 - kedro.io.data_catalog - INFO - Loading data from `params:example_test_data_ratio` (MemoryDataSet)...
2021-09-13 20:54:54,712 - kedro.io.data_catalog - INFO - Loading data from `neptune_run` (NeptuneRunDataSet)...
2021-09-13 20:54:58,067 - kedro.framework.session.store - INFO - `save()` not implemented for `BaseSessionStore`. Skipping the step.
2021-09-13 20:59:27,544 - root - INFO - ** Kedro project kedro_neptune_quickstart
2021-09-13 20:59:33,537 - neptune.internal.hardware.gpu.gpu_monitor - WARNING - Info (NVML): NVML Shared Library Not Found. GPU usage metrics may not be reported. For more information, see https://docs-legacy.neptune.ai/logging-and-managing-experiment-results/logging-experiment-data.html#hardware-consumption
2021-09-13 20:59:33,559 - kedro.io.data_catalog - INFO - Loading data from `example_iris_data` (CSVDataSet)...
2021-09-13 20:59:33,563 - kedro.io.data_catalog - INFO - Loading data from `params:example_test_data_ratio` (MemoryDataSet)...
2021-09-13 20:59:33,563 - kedro.io.data_catalog - INFO - Loading data from `neptune_run` (NeptuneRunDataSet)...
2021-09-13 20:59:35,643 - kedro.pipeline.node - INFO - Running node: split: split_data([example_iris_data,params:example_test_data_ratio]) -> [example_test_x,example_test_y,example_train_x,example_train_y]
2021-09-13 20:59:35,667 - kedro.io.data_catalog - INFO - Loading data from `neptune_run` (NeptuneRunDataSet)...
2021-09-13 20:59:39,444 - kedro.io.data_catalog - INFO - Saving data to `example_train_x` (MemoryDataSet)...
2021-09-13 20:59:39,445 - kedro.io.data_catalog - INFO - Saving data to `example_train_y` (MemoryDataSet)...
2021-09-13 20:59:39,446 - kedro.io.data_catalog - INFO - Saving data to `example_test_x` (MemoryDataSet)...
2021-09-13 20:59:39,446 - kedro.io.data_catalog - INFO - Saving data to `example_test_y` (MemoryDataSet)...
2021-09-13 20:59:39,448 - kedro.runner.sequential_runner - INFO - Completed 1 out of 4 tasks
2021-09-13 20:59:39,448 - kedro.io.data_catalog - INFO - Loading data from `example_train_x` (MemoryDataSet)...
2021-09-13 20:59:39,449 - kedro.io.data_catalog - INFO - Loading data from `example_train_y` (MemoryDataSet)...
2021-09-13 20:59:39,450 - kedro.io.data_catalog - INFO - Loading data from `parameters` (MemoryDataSet)...
2021-09-13 20:59:39,450 - kedro.io.data_catalog - INFO - Loading data from `neptune_run` (NeptuneRunDataSet)...
2021-09-13 20:59:42,239 - kedro.pipeline.node - INFO - Running node: train: train_model([example_train_x,example_train_y,parameters]) -> [example_model]
2021-09-13 20:59:42,325 - kedro.io.data_catalog - INFO - Loading data from `neptune_run` (NeptuneRunDataSet)...
2021-09-13 20:59:45,428 - kedro.io.data_catalog - INFO - Saving data to `example_model` (MemoryDataSet)...
2021-09-13 20:59:45,430 - kedro.runner.sequential_runner - INFO - Completed 2 out of 4 tasks
2021-09-13 20:59:45,431 - kedro.io.data_catalog - INFO - Loading data from `example_model` (MemoryDataSet)...
2021-09-13 20:59:45,431 - kedro.io.data_catalog - INFO - Loading data from `example_test_x` (MemoryDataSet)...
2021-09-13 20:59:45,432 - kedro.io.data_catalog - INFO - Loading data from `neptune_run` (NeptuneRunDataSet)...
2021-09-13 20:59:47,474 - kedro.pipeline.node - INFO - Running node: predict: predict([example_model,example_test_x]) -> [example_predictions]
2021-09-13 20:59:47,477 - kedro.io.data_catalog - INFO - Loading data from `neptune_run` (NeptuneRunDataSet)...
2021-09-13 20:59:51,403 - kedro.io.data_catalog - INFO - Saving data to `example_predictions` (MemoryDataSet)...
2021-09-13 20:59:51,406 - kedro.runner.sequential_runner - INFO - Completed 3 out of 4 tasks
2021-09-13 20:59:51,407 - kedro.io.data_catalog - INFO - Loading data from `example_predictions` (MemoryDataSet)...
2021-09-13 20:59:51,407 - kedro.io.data_catalog - INFO - Loading data from `example_test_y` (MemoryDataSet)...
2021-09-13 20:59:51,409 - kedro.io.data_catalog - INFO - Loading data from `neptune_run` (NeptuneRunDataSet)...
2021-09-13 20:59:54,081 - kedro.io.data_catalog - INFO - Loading data from `neptune_run` (NeptuneRunDataSet)...
2021-09-13 20:59:57,017 - kedro.pipeline.node - INFO - Running node: report: report_accuracy([example_predictions,example_test_y,neptune_run]) -> None
2021-09-13 20:59:57,017 - kedro_neptune_quickstart.pipelines.data_science.nodes - INFO - Model accuracy on test set: 93.33%
2021-09-13 20:59:57,899 - kedro.io.data_catalog - INFO - Loading data from `neptune_run` (NeptuneRunDataSet)...
2021-09-13 21:00:03,224 - kedro.runner.sequential_runner - INFO - Completed 4 out of 4 tasks
2021-09-13 21:00:03,225 - kedro.runner.sequential_runner - INFO - Pipeline execution completed successfully.
2021-09-13 21:00:03,227 - kedro.io.data_catalog - INFO - Loading data from `neptune_run` (NeptuneRunDataSet)...
2021-09-13 21:00:06,731 - kedro.framework.session.store - INFO - `save()` not implemented for `BaseSessionStore`. Skipping the step.
2021-09-13 21:05:19,516 - root - INFO - ** Kedro project kedro_neptune_quickstart
2021-09-13 21:05:22,290 - neptune.internal.hardware.gpu.gpu_monitor - WARNING - Info (NVML): NVML Shared Library Not Found. GPU usage metrics may not be reported. For more information, see https://docs-legacy.neptune.ai/logging-and-managing-experiment-results/logging-experiment-data.html#hardware-consumption
2021-09-13 21:05:22,329 - kedro.io.data_catalog - INFO - Loading data from `example_iris_data` (CSVDataSet)...
2021-09-13 21:05:22,335 - kedro.io.data_catalog - INFO - Loading data from `params:example_test_data_ratio` (MemoryDataSet)...
2021-09-13 21:05:22,336 - kedro.io.data_catalog - INFO - Loading data from `neptune_run` (NeptuneRunDataSet)...
2021-09-13 21:05:24,092 - kedro.pipeline.node - INFO - Running node: split: split_data([example_iris_data,params:example_test_data_ratio]) -> [example_test_x,example_test_y,example_train_x,example_train_y]
2021-09-13 21:05:24,108 - kedro.io.data_catalog - INFO - Loading data from `neptune_run` (NeptuneRunDataSet)...
2021-09-13 21:05:27,397 - kedro.io.data_catalog - INFO - Saving data to `example_train_x` (MemoryDataSet)...
2021-09-13 21:05:27,399 - kedro.io.data_catalog - INFO - Saving data to `example_train_y` (MemoryDataSet)...
2021-09-13 21:05:27,400 - kedro.io.data_catalog - INFO - Saving data to `example_test_x` (MemoryDataSet)...
2021-09-13 21:05:27,400 - kedro.io.data_catalog - INFO - Saving data to `example_test_y` (MemoryDataSet)...
2021-09-13 21:05:27,401 - kedro.runner.sequential_runner - INFO - Completed 1 out of 4 tasks
2021-09-13 21:05:27,402 - kedro.io.data_catalog - INFO - Loading data from `example_train_x` (MemoryDataSet)...
2021-09-13 21:05:27,402 - kedro.io.data_catalog - INFO - Loading data from `example_train_y` (MemoryDataSet)...
2021-09-13 21:05:27,402 - kedro.io.data_catalog - INFO - Loading data from `parameters` (MemoryDataSet)...
2021-09-13 21:05:27,403 - kedro.io.data_catalog - INFO - Loading data from `neptune_run` (NeptuneRunDataSet)...
2021-09-13 21:05:29,334 - kedro.pipeline.node - INFO - Running node: train: train_model([example_train_x,example_train_y,parameters]) -> [example_model]
2021-09-13 21:05:29,397 - kedro.io.data_catalog - INFO - Loading data from `neptune_run` (NeptuneRunDataSet)...
2021-09-13 21:05:32,920 - kedro.io.data_catalog - INFO - Saving data to `example_model` (MemoryDataSet)...
2021-09-13 21:05:32,929 - kedro.runner.sequential_runner - INFO - Completed 2 out of 4 tasks
2021-09-13 21:05:32,931 - kedro.io.data_catalog - INFO - Loading data from `example_model` (MemoryDataSet)...
2021-09-13 21:05:32,933 - kedro.io.data_catalog - INFO - Loading data from `example_test_x` (MemoryDataSet)...
2021-09-13 21:05:32,936 - kedro.io.data_catalog - INFO - Loading data from `neptune_run` (NeptuneRunDataSet)...
2021-09-13 21:05:35,140 - kedro.pipeline.node - INFO - Running node: predict: predict([example_model,example_test_x]) -> [example_predictions]
2021-09-13 21:05:35,140 - kedro.io.data_catalog - INFO - Loading data from `neptune_run` (NeptuneRunDataSet)...
2021-09-13 21:05:38,530 - kedro.io.data_catalog - INFO - Saving data to `example_predictions` (MemoryDataSet)...
2021-09-13 21:05:38,532 - kedro.runner.sequential_runner - INFO - Completed 3 out of 4 tasks
2021-09-13 21:05:38,533 - kedro.io.data_catalog - INFO - Loading data from `example_predictions` (MemoryDataSet)...
2021-09-13 21:05:38,533 - kedro.io.data_catalog - INFO - Loading data from `example_test_y` (MemoryDataSet)...
2021-09-13 21:05:38,534 - kedro.io.data_catalog - INFO - Loading data from `neptune_run` (NeptuneRunDataSet)...
2021-09-13 21:05:41,941 - kedro.io.data_catalog - INFO - Loading data from `neptune_run` (NeptuneRunDataSet)...
2021-09-13 21:05:44,465 - kedro.pipeline.node - INFO - Running node: report: report_accuracy([example_predictions,example_test_y,neptune_run]) -> None
2021-09-13 21:05:44,466 - kedro_neptune_quickstart.pipelines.data_science.nodes - INFO - Model accuracy on test set: 96.67%
2021-09-13 21:05:45,251 - kedro.io.data_catalog - INFO - Loading data from `neptune_run` (NeptuneRunDataSet)...
2021-09-13 21:05:48,736 - kedro.runner.sequential_runner - INFO - Completed 4 out of 4 tasks
2021-09-13 21:05:48,737 - kedro.runner.sequential_runner - INFO - Pipeline execution completed successfully.
2021-09-13 21:05:48,737 - kedro.io.data_catalog - INFO - Loading data from `neptune_run` (NeptuneRunDataSet)...
2021-09-13 21:05:51,899 - kedro.framework.session.store - INFO - `save()` not implemented for `BaseSessionStore`. Skipping the step.
