2021-09-13 21:04:06,749 - root - INFO - ** Kedro project kedro_neptune_advanced
2021-09-13 21:04:10,441 - neptune.internal.hardware.gpu.gpu_monitor - WARNING - Info (NVML): NVML Shared Library Not Found. GPU usage metrics may not be reported. For more information, see https://docs-legacy.neptune.ai/logging-and-managing-experiment-results/logging-experiment-data.html#hardware-consumption
2021-09-13 21:04:10,475 - kedro.io.data_catalog - INFO - Loading data from `example_iris_data` (CSVDataSet)...
2021-09-13 21:04:10,482 - kedro.io.data_catalog - INFO - Loading data from `params:example_test_data_ratio` (MemoryDataSet)...
2021-09-13 21:04:10,483 - kedro.io.data_catalog - INFO - Loading data from `neptune_run` (NeptuneRunDataSet)...
2021-09-13 21:04:12,366 - kedro.pipeline.node - INFO - Running node: split: split_data([example_iris_data,params:example_test_data_ratio]) -> [example_test_x,example_test_y,example_train_x,example_train_y]
2021-09-13 21:04:12,378 - kedro.io.data_catalog - INFO - Loading data from `neptune_run` (NeptuneRunDataSet)...
2021-09-13 21:04:14,803 - kedro.io.data_catalog - INFO - Saving data to `example_train_x` (MemoryDataSet)...
2021-09-13 21:04:14,806 - kedro.io.data_catalog - INFO - Saving data to `example_train_y` (MemoryDataSet)...
2021-09-13 21:04:14,807 - kedro.io.data_catalog - INFO - Saving data to `example_test_x` (MemoryDataSet)...
2021-09-13 21:04:14,809 - kedro.io.data_catalog - INFO - Saving data to `example_test_y` (MemoryDataSet)...
2021-09-13 21:04:14,813 - kedro.runner.sequential_runner - INFO - Completed 1 out of 6 tasks
2021-09-13 21:04:14,814 - kedro.io.data_catalog - INFO - Loading data from `example_train_x` (MemoryDataSet)...
2021-09-13 21:04:14,815 - kedro.io.data_catalog - INFO - Loading data from `example_train_y` (MemoryDataSet)...
2021-09-13 21:04:14,815 - kedro.io.data_catalog - INFO - Loading data from `parameters` (MemoryDataSet)...
2021-09-13 21:04:14,816 - kedro.io.data_catalog - INFO - Loading data from `neptune_run` (NeptuneRunDataSet)...
2021-09-13 21:04:17,261 - kedro.pipeline.node - INFO - Running node: train_rf_model: train_rf_model([example_train_x,example_train_y,parameters]) -> [rf_model]
2021-09-13 21:04:17,366 - kedro.io.data_catalog - INFO - Loading data from `neptune_run` (NeptuneRunDataSet)...
2021-09-13 21:04:20,062 - kedro.io.data_catalog - INFO - Saving data to `rf_model` (PickleDataSet)...
2021-09-13 21:04:20,066 - kedro.runner.sequential_runner - INFO - Completed 2 out of 6 tasks
2021-09-13 21:04:20,067 - kedro.io.data_catalog - INFO - Loading data from `example_train_x` (MemoryDataSet)...
2021-09-13 21:04:20,067 - kedro.io.data_catalog - INFO - Loading data from `example_train_y` (MemoryDataSet)...
2021-09-13 21:04:20,067 - kedro.io.data_catalog - INFO - Loading data from `parameters` (MemoryDataSet)...
2021-09-13 21:04:20,068 - kedro.io.data_catalog - INFO - Loading data from `neptune_run` (NeptuneRunDataSet)...
2021-09-13 21:04:22,535 - kedro.pipeline.node - INFO - Running node: train_mlp_model: train_mlp_model([example_train_x,example_train_y,parameters]) -> [mlp_model]
2021-09-13 21:04:22,691 - kedro.io.data_catalog - INFO - Loading data from `neptune_run` (NeptuneRunDataSet)...
2021-09-13 21:04:25,582 - kedro.io.data_catalog - INFO - Saving data to `mlp_model` (PickleDataSet)...
2021-09-13 21:04:25,586 - kedro.runner.sequential_runner - INFO - Completed 3 out of 6 tasks
2021-09-13 21:04:25,586 - kedro.io.data_catalog - INFO - Loading data from `rf_model` (PickleDataSet)...
2021-09-13 21:04:25,589 - kedro.io.data_catalog - INFO - Loading data from `mlp_model` (PickleDataSet)...
2021-09-13 21:04:25,590 - kedro.io.data_catalog - INFO - Loading data from `example_test_x` (MemoryDataSet)...
2021-09-13 21:04:25,591 - kedro.io.data_catalog - INFO - Loading data from `neptune_run` (NeptuneRunDataSet)...
2021-09-13 21:04:28,330 - kedro.pipeline.node - INFO - Running node: predict: get_predictions([example_test_x,mlp_model,rf_model]) -> [predictions]
2021-09-13 21:04:28,362 - kedro.io.data_catalog - INFO - Loading data from `neptune_run` (NeptuneRunDataSet)...
2021-09-13 21:04:32,547 - kedro.io.data_catalog - INFO - Saving data to `predictions` (JSONDataSet)...
2021-09-13 21:04:32,572 - kedro.runner.sequential_runner - INFO - Completed 4 out of 6 tasks
2021-09-13 21:04:32,585 - kedro.io.data_catalog - INFO - Loading data from `predictions` (JSONDataSet)...
2021-09-13 21:04:32,610 - kedro.io.data_catalog - INFO - Loading data from `example_test_y` (MemoryDataSet)...
2021-09-13 21:04:32,615 - kedro.io.data_catalog - INFO - Loading data from `neptune_run` (NeptuneRunDataSet)...
2021-09-13 21:04:34,973 - kedro.io.data_catalog - INFO - Loading data from `neptune_run` (NeptuneRunDataSet)...
2021-09-13 21:04:38,450 - kedro.pipeline.node - INFO - Running node: evaluate_models: evaluate_models([example_test_y,neptune_run,predictions]) -> None
2021-09-13 21:04:40,999 - kedro.io.data_catalog - INFO - Loading data from `neptune_run` (NeptuneRunDataSet)...
2021-09-13 21:04:44,900 - kedro.runner.sequential_runner - INFO - Completed 5 out of 6 tasks
2021-09-13 21:04:44,901 - kedro.io.data_catalog - INFO - Loading data from `predictions` (JSONDataSet)...
2021-09-13 21:04:44,901 - kedro.io.data_catalog - INFO - Loading data from `example_test_y` (MemoryDataSet)...
2021-09-13 21:04:44,902 - kedro.io.data_catalog - INFO - Loading data from `neptune_run` (NeptuneRunDataSet)...
2021-09-13 21:04:47,345 - kedro.io.data_catalog - INFO - Loading data from `neptune_run` (NeptuneRunDataSet)...
2021-09-13 21:04:49,372 - kedro.pipeline.node - INFO - Running node: ensemble_models: ensemble_models([example_test_y,neptune_run,predictions]) -> None
2021-09-13 21:04:49,375 - kedro.io.data_catalog - INFO - Loading data from `neptune_run` (NeptuneRunDataSet)...
2021-09-13 21:04:52,182 - kedro.runner.sequential_runner - INFO - Completed 6 out of 6 tasks
2021-09-13 21:04:52,182 - kedro.runner.sequential_runner - INFO - Pipeline execution completed successfully.
2021-09-13 21:04:52,182 - kedro.io.data_catalog - INFO - Loading data from `neptune_run` (NeptuneRunDataSet)...
2021-09-13 21:04:55,354 - kedro.framework.session.store - INFO - `save()` not implemented for `BaseSessionStore`. Skipping the step.
2021-09-13 21:05:58,680 - root - INFO - ** Kedro project kedro_neptune_advanced
2021-09-13 21:06:02,412 - neptune.internal.hardware.gpu.gpu_monitor - WARNING - Info (NVML): NVML Shared Library Not Found. GPU usage metrics may not be reported. For more information, see https://docs-legacy.neptune.ai/logging-and-managing-experiment-results/logging-experiment-data.html#hardware-consumption
2021-09-13 21:06:02,446 - kedro.io.data_catalog - INFO - Loading data from `example_iris_data` (CSVDataSet)...
2021-09-13 21:06:02,450 - kedro.io.data_catalog - INFO - Loading data from `params:example_test_data_ratio` (MemoryDataSet)...
2021-09-13 21:06:02,450 - kedro.io.data_catalog - INFO - Loading data from `neptune_run` (NeptuneRunDataSet)...
2021-09-13 21:06:05,816 - kedro.pipeline.node - INFO - Running node: split: split_data([example_iris_data,params:example_test_data_ratio]) -> [example_test_x,example_test_y,example_train_x,example_train_y]
2021-09-13 21:06:05,834 - kedro.io.data_catalog - INFO - Loading data from `neptune_run` (NeptuneRunDataSet)...
2021-09-13 21:06:11,139 - kedro.io.data_catalog - INFO - Saving data to `example_train_x` (MemoryDataSet)...
2021-09-13 21:06:11,140 - kedro.io.data_catalog - INFO - Saving data to `example_train_y` (MemoryDataSet)...
2021-09-13 21:06:11,140 - kedro.io.data_catalog - INFO - Saving data to `example_test_x` (MemoryDataSet)...
2021-09-13 21:06:11,140 - kedro.io.data_catalog - INFO - Saving data to `example_test_y` (MemoryDataSet)...
2021-09-13 21:06:11,141 - kedro.runner.sequential_runner - INFO - Completed 1 out of 6 tasks
2021-09-13 21:06:11,142 - kedro.io.data_catalog - INFO - Loading data from `example_train_x` (MemoryDataSet)...
2021-09-13 21:06:11,142 - kedro.io.data_catalog - INFO - Loading data from `example_train_y` (MemoryDataSet)...
2021-09-13 21:06:11,142 - kedro.io.data_catalog - INFO - Loading data from `parameters` (MemoryDataSet)...
2021-09-13 21:06:11,142 - kedro.io.data_catalog - INFO - Loading data from `neptune_run` (NeptuneRunDataSet)...
2021-09-13 21:06:16,938 - kedro.pipeline.node - INFO - Running node: train_rf_model: train_rf_model([example_train_x,example_train_y,parameters]) -> [rf_model]
2021-09-13 21:06:16,988 - kedro.io.data_catalog - INFO - Loading data from `neptune_run` (NeptuneRunDataSet)...
2021-09-13 21:06:21,616 - kedro.io.data_catalog - INFO - Saving data to `rf_model` (PickleDataSet)...
2021-09-13 21:06:21,618 - kedro.runner.sequential_runner - INFO - Completed 2 out of 6 tasks
2021-09-13 21:06:21,618 - kedro.io.data_catalog - INFO - Loading data from `example_train_x` (MemoryDataSet)...
2021-09-13 21:06:21,618 - kedro.io.data_catalog - INFO - Loading data from `example_train_y` (MemoryDataSet)...
2021-09-13 21:06:21,619 - kedro.io.data_catalog - INFO - Loading data from `parameters` (MemoryDataSet)...
2021-09-13 21:06:21,619 - kedro.io.data_catalog - INFO - Loading data from `neptune_run` (NeptuneRunDataSet)...
2021-09-13 21:06:23,734 - kedro.pipeline.node - INFO - Running node: train_mlp_model: train_mlp_model([example_train_x,example_train_y,parameters]) -> [mlp_model]
2021-09-13 21:06:23,779 - kedro.io.data_catalog - INFO - Loading data from `neptune_run` (NeptuneRunDataSet)...
2021-09-13 21:06:27,731 - kedro.io.data_catalog - INFO - Saving data to `mlp_model` (PickleDataSet)...
2021-09-13 21:06:27,737 - kedro.runner.sequential_runner - INFO - Completed 3 out of 6 tasks
2021-09-13 21:06:27,738 - kedro.io.data_catalog - INFO - Loading data from `rf_model` (PickleDataSet)...
2021-09-13 21:06:27,742 - kedro.io.data_catalog - INFO - Loading data from `mlp_model` (PickleDataSet)...
2021-09-13 21:06:27,746 - kedro.io.data_catalog - INFO - Loading data from `example_test_x` (MemoryDataSet)...
2021-09-13 21:06:27,747 - kedro.io.data_catalog - INFO - Loading data from `neptune_run` (NeptuneRunDataSet)...
2021-09-13 21:06:29,776 - kedro.pipeline.node - INFO - Running node: predict: get_predictions([example_test_x,mlp_model,rf_model]) -> [predictions]
2021-09-13 21:06:29,784 - kedro.io.data_catalog - INFO - Loading data from `neptune_run` (NeptuneRunDataSet)...
2021-09-13 21:06:32,587 - kedro.io.data_catalog - INFO - Saving data to `predictions` (JSONDataSet)...
2021-09-13 21:06:32,596 - kedro.runner.sequential_runner - INFO - Completed 4 out of 6 tasks
2021-09-13 21:06:32,597 - kedro.io.data_catalog - INFO - Loading data from `predictions` (JSONDataSet)...
2021-09-13 21:06:32,598 - kedro.io.data_catalog - INFO - Loading data from `example_test_y` (MemoryDataSet)...
2021-09-13 21:06:32,600 - kedro.io.data_catalog - INFO - Loading data from `neptune_run` (NeptuneRunDataSet)...
2021-09-13 21:06:35,137 - kedro.io.data_catalog - INFO - Loading data from `neptune_run` (NeptuneRunDataSet)...
2021-09-13 21:06:37,209 - kedro.pipeline.node - INFO - Running node: evaluate_models: evaluate_models([example_test_y,neptune_run,predictions]) -> None
2021-09-13 21:06:38,969 - kedro.io.data_catalog - INFO - Loading data from `neptune_run` (NeptuneRunDataSet)...
2021-09-13 21:06:42,208 - kedro.runner.sequential_runner - INFO - Completed 5 out of 6 tasks
2021-09-13 21:06:42,209 - kedro.io.data_catalog - INFO - Loading data from `predictions` (JSONDataSet)...
2021-09-13 21:06:42,210 - kedro.io.data_catalog - INFO - Loading data from `example_test_y` (MemoryDataSet)...
2021-09-13 21:06:42,212 - kedro.io.data_catalog - INFO - Loading data from `neptune_run` (NeptuneRunDataSet)...
2021-09-13 21:06:44,553 - kedro.io.data_catalog - INFO - Loading data from `neptune_run` (NeptuneRunDataSet)...
2021-09-13 21:06:46,535 - kedro.pipeline.node - INFO - Running node: ensemble_models: ensemble_models([example_test_y,neptune_run,predictions]) -> None
2021-09-13 21:06:46,540 - kedro.io.data_catalog - INFO - Loading data from `neptune_run` (NeptuneRunDataSet)...
2021-09-13 21:06:49,139 - kedro.runner.sequential_runner - INFO - Completed 6 out of 6 tasks
2021-09-13 21:06:49,139 - kedro.runner.sequential_runner - INFO - Pipeline execution completed successfully.
2021-09-13 21:06:49,140 - kedro.io.data_catalog - INFO - Loading data from `neptune_run` (NeptuneRunDataSet)...
2021-09-13 21:06:51,586 - kedro.framework.session.store - INFO - `save()` not implemented for `BaseSessionStore`. Skipping the step.
